<?xml version="1.0" encoding="UTF-8"?>
<testng-results ignored="0" total="2" passed="2" failed="0" skipped="0">
  <reporter-output>
  </reporter-output>
  <suite started-at="2021-01-03T18:00:55 EST" name="Default suite" finished-at="2021-01-03T18:00:55 EST" duration-ms="39">
    <groups>
    </groups>
    <test started-at="2021-01-03T18:00:55 EST" name="Default test" finished-at="2021-01-03T18:00:55 EST" duration-ms="39">
      <class name="sunNext.D1">
        <test-method signature="A()[pri:0, instance:sunNext.D1@17c1bced]" started-at="2021-01-03T18:00:55 EST" name="A" finished-at="2021-01-03T18:00:55 EST" duration-ms="7" status="PASS">
          <reporter-output>
          </reporter-output>
        </test-method> <!-- A -->
        <test-method signature="B()[pri:0, instance:sunNext.D1@17c1bced]" started-at="2021-01-03T18:00:55 EST" name="B" finished-at="2021-01-03T18:00:55 EST" duration-ms="1" status="PASS">
          <reporter-output>
          </reporter-output>
        </test-method> <!-- B -->
      </class> <!-- sunNext.D1 -->
    </test> <!-- Default test -->
  </suite> <!-- Default suite -->
</testng-results>
